GROUP,PACKAGE,CLASS,INSTRUCTION_MISSED,INSTRUCTION_COVERED,BRANCH_MISSED,BRANCH_COVERED,LINE_MISSED,LINE_COVERED,COMPLEXITY_MISSED,COMPLEXITY_COVERED,METHOD_MISSED,METHOD_COVERED
trabalhoFDSTeste,group3.Exercicio3,Record,21,0,0,0,7,0,4,0,4,0
trabalhoFDSTeste,group3.Exercicio3,Ranking,13,0,0,0,7,0,6,0,6,0
trabalhoFDSTeste,group3,App,17,0,0,0,5,0,2,0,2,0
trabalhoFDSTeste,group3,ContaCorrente,154,0,24,0,34,0,21,0,8,0
trabalhoFDSTeste,group3,Record,28,0,0,0,8,0,5,0,5,0
trabalhoFDSTeste,group3,Funcionario,13,57,0,4,2,13,2,6,2,4
trabalhoFDSTeste,group3,Ranking,43,0,2,0,12,0,7,0,6,0
